d:\university work\year 2\graphics programming - year 2 - term 1\graphics programming - week 3 - spotlight\graphicsprogramming\debug\vc141.pdb
d:\university work\year 2\graphics programming - year 2 - term 1\graphics programming - week 3 - spotlight\graphicsprogramming\debug\vc141.idb
d:\university work\year 2\graphics programming - year 2 - term 1\graphics programming - week 3 - spotlight\graphicsprogramming\debug\input.obj
d:\university work\year 2\graphics programming - year 2 - term 1\graphics programming - week 3 - spotlight\graphicsprogramming\debug\main.obj
d:\university work\year 2\graphics programming - year 2 - term 1\graphics programming - week 3 - spotlight\graphicsprogramming\debug\scene.obj
d:\university work\year 2\graphics programming - year 2 - term 1\graphics programming - week 3 - spotlight\graphicsprogramming\debug\vector3.obj
d:\university work\year 2\graphics programming - year 2 - term 1\graphics programming - week 8 - skybox\graphicsprogramming\debug\vc141.pdb
d:\university work\year 2\graphics programming - year 2 - term 1\graphics programming - week 8 - skybox\graphicsprogramming\debug\vc141.idb
d:\university work\year 2\graphics programming - year 2 - term 1\graphics programming - week 8 - skybox\graphicsprogramming\debug\camera.obj
d:\university work\year 2\graphics programming - year 2 - term 1\graphics programming - week 8 - skybox\graphicsprogramming\debug\input.obj
d:\university work\year 2\graphics programming - year 2 - term 1\graphics programming - week 8 - skybox\graphicsprogramming\debug\main.obj
d:\university work\year 2\graphics programming - year 2 - term 1\graphics programming - week 8 - skybox\graphicsprogramming\debug\scene.obj
d:\university work\year 2\graphics programming - year 2 - term 1\graphics programming - week 8 - skybox\graphicsprogramming\debug\vector3.obj
c:\users\plato\desktop\reflections\graphicsprogramming\debug\vc141.pdb
c:\users\plato\desktop\reflections\graphicsprogramming\debug\vc141.idb
c:\users\plato\desktop\reflections\graphicsprogramming\debug\camera.obj
c:\users\plato\desktop\reflections\graphicsprogramming\debug\input.obj
c:\users\plato\desktop\reflections\graphicsprogramming\debug\main.obj
c:\users\plato\desktop\reflections\graphicsprogramming\debug\model.obj
c:\users\plato\desktop\reflections\graphicsprogramming\debug\proceduralgeneration.obj
c:\users\plato\desktop\reflections\graphicsprogramming\debug\scene.obj
c:\users\plato\desktop\reflections\graphicsprogramming\debug\vector3.obj
c:\users\plato\desktop\reflections\graphicsprogramming\debug\shadow.obj
c:\users\falco\desktop\reflections\graphicsprogramming\debug\vc140.pdb
c:\users\falco\desktop\reflections\graphicsprogramming\debug\vc140.idb
c:\users\falco\desktop\reflections\graphicsprogramming\debug\camera.obj
c:\users\falco\desktop\reflections\graphicsprogramming\debug\input.obj
c:\users\falco\desktop\reflections\graphicsprogramming\debug\main.obj
c:\users\falco\desktop\reflections\graphicsprogramming\debug\model.obj
c:\users\falco\desktop\reflections\graphicsprogramming\debug\proceduralgeneration.obj
c:\users\falco\desktop\reflections\graphicsprogramming\debug\scene.obj
c:\users\falco\desktop\reflections\graphicsprogramming\debug\shadow.obj
c:\users\falco\desktop\reflections\graphicsprogramming\debug\vector3.obj
c:\users\plato\desktop\tournament of power\source\graphicsprogramming\debug\vc140.pdb
c:\users\plato\desktop\tournament of power\source\graphicsprogramming\debug\vc140.idb
c:\users\plato\desktop\tournament of power\source\graphicsprogramming\debug\camera.obj
c:\users\plato\desktop\tournament of power\source\graphicsprogramming\debug\input.obj
c:\users\plato\desktop\tournament of power\source\graphicsprogramming\debug\main.obj
c:\users\plato\desktop\tournament of power\source\graphicsprogramming\debug\proceduralgeneration.obj
c:\users\plato\desktop\tournament of power\source\graphicsprogramming\debug\scene.obj
c:\users\plato\desktop\tournament of power\source\graphicsprogramming\debug\shadow.obj
c:\users\plato\desktop\tournament of power\source\graphicsprogramming\debug\vector3.obj
c:\users\plato\desktop\tournament of power\source\graphicsprogramming\debug\model.obj
d:\university work\year 2\graphics programming - year 2 - term 1\graphics programming - week 3 - spotlight\debug\graphicsprogramming.ilk
d:\university work\year 2\graphics programming - year 2 - term 1\graphics programming - week 3 - spotlight\debug\graphicsprogramming.exe
d:\university work\year 2\graphics programming - year 2 - term 1\graphics programming - week 3 - spotlight\debug\graphicsprogramming.pdb
d:\university work\year 2\graphics programming - year 2 - term 1\graphics programming - week 8 - skybox\debug\graphicsprogramming.exe
d:\university work\year 2\graphics programming - year 2 - term 1\graphics programming - week 8 - skybox\debug\graphicsprogramming.ilk
d:\university work\year 2\graphics programming - year 2 - term 1\graphics programming - week 8 - skybox\debug\graphicsprogramming.pdb
c:\users\plato\desktop\reflections\debug\graphicsprogramming.exe
c:\users\plato\desktop\reflections\debug\graphicsprogramming.ilk
c:\users\plato\desktop\reflections\debug\graphicsprogramming.pdb
c:\users\falco\desktop\reflections\debug\graphicsprogramming.ilk
c:\users\falco\desktop\reflections\debug\graphicsprogramming.exe
c:\users\falco\desktop\reflections\debug\graphicsprogramming.pdb
c:\users\plato\desktop\tournament of power\source\debug\graphicsprogramming.ilk
c:\users\plato\desktop\tournament of power\source\debug\graphicsprogramming.exe
c:\users\plato\desktop\tournament of power\source\debug\graphicsprogramming.pdb
c:\users\mist\desktop\source\graphicsprogramming\debug\camera.obj
c:\users\mist\desktop\source\graphicsprogramming\debug\input.obj
c:\users\mist\desktop\source\graphicsprogramming\debug\main.obj
c:\users\mist\desktop\source\graphicsprogramming\debug\model.obj
c:\users\mist\desktop\source\graphicsprogramming\debug\proceduralgeneration.obj
c:\users\mist\desktop\source\graphicsprogramming\debug\scene.obj
c:\users\mist\desktop\source\graphicsprogramming\debug\shadow.obj
c:\users\mist\desktop\source\graphicsprogramming\debug\vector3.obj
c:\users\mist\desktop\source\graphicsprogramming\debug\vc140.idb
c:\users\mist\desktop\source\graphicsprogramming\debug\vc141.idb
c:\users\mist\desktop\source\graphicsprogramming\debug\vc140.pdb
c:\users\mist\desktop\source\graphicsprogramming\debug\vc141.pdb
c:\users\mist\desktop\source\debug\graphicsprogramming.pdb
c:\users\mist\desktop\source\debug\graphicsprogramming.exe
c:\users\mist\desktop\source\debug\graphicsprogramming.ilk
c:\users\mist\desktop\source\graphicsprogramming\debug\graphics.0b39da7b.tlog\cl.command.1.tlog
c:\users\mist\desktop\source\graphicsprogramming\debug\graphics.0b39da7b.tlog\cl.read.1.tlog
c:\users\mist\desktop\source\graphicsprogramming\debug\graphics.0b39da7b.tlog\cl.write.1.tlog
c:\users\mist\desktop\source\graphicsprogramming\debug\graphics.0b39da7b.tlog\link.command.1.tlog
c:\users\mist\desktop\source\graphicsprogramming\debug\graphics.0b39da7b.tlog\link.read.1.tlog
c:\users\mist\desktop\source\graphicsprogramming\debug\graphics.0b39da7b.tlog\link.write.1.tlog
