  Camera.cpp
Camera.cpp(30): warning C4244: 'argument': conversion from 'double' to 'float', possible loss of data
Camera.cpp(31): warning C4244: 'argument': conversion from 'double' to 'float', possible loss of data
Camera.cpp(32): warning C4244: 'argument': conversion from 'double' to 'float', possible loss of data
Camera.cpp(33): warning C4244: 'argument': conversion from 'double' to 'float', possible loss of data
Camera.cpp(34): warning C4244: 'argument': conversion from 'double' to 'float', possible loss of data
Camera.cpp(35): warning C4244: 'argument': conversion from 'double' to 'float', possible loss of data
  Input.cpp
  Main.cpp
  Model.cpp
Model.cpp(137): warning C4018: '<': signed/unsigned mismatch
  ProceduralGeneration.cpp
ProceduralGeneration.cpp(56): warning C4244: '=': conversion from 'int' to 'float', possible loss of data
ProceduralGeneration.cpp(57): warning C4244: '=': conversion from 'double' to 'float', possible loss of data
ProceduralGeneration.cpp(58): warning C4244: '=': conversion from 'double' to 'float', possible loss of data
ProceduralGeneration.cpp(163): warning C4244: '=': conversion from 'int' to 'float', possible loss of data
ProceduralGeneration.cpp(167): warning C4244: 'initializing': conversion from 'double' to 'float', possible loss of data
ProceduralGeneration.cpp(215): warning C4244: '=': conversion from 'int' to 'float', possible loss of data
ProceduralGeneration.cpp(219): warning C4305: 'initializing': truncation from 'double' to 'float'
ProceduralGeneration.cpp(241): warning C4244: 'argument': conversion from 'int' to 'GLfloat', possible loss of data
ProceduralGeneration.cpp(255): warning C4244: 'argument': conversion from 'int' to 'GLfloat', possible loss of data
  Scene.cpp
Scene.cpp(5): warning C4305: 'initializing': truncation from 'double' to 'float'
Scene.cpp(98): warning C4244: '=': conversion from 'double' to 'float', possible loss of data
Scene.cpp(105): warning C4244: '=': conversion from 'double' to 'float', possible loss of data
Scene.cpp(213): warning C4244: 'argument': conversion from 'int' to 'float', possible loss of data
Scene.cpp(214): warning C4244: 'argument': conversion from 'int' to 'float', possible loss of data
Scene.cpp(217): warning C4305: '+=': truncation from 'double' to 'float'
  Shadow.cpp
Shadow.cpp(73): warning C4018: '<': signed/unsigned mismatch
Shadow.cpp(81): warning C4018: '>=': signed/unsigned mismatch
  Vector3.cpp
SOIL.lib(SOIL.obj) : warning LNK4075: ignoring '/EDITANDCONTINUE' due to '/OPT:ICF' specification
LINK : warning LNK4098: defaultlib 'MSVCRTD' conflicts with use of other libs; use /NODEFAULTLIB:library
  Generating code
  All 289 functions were compiled because no usable IPDB/IOBJ from previous compilation was found.
  Finished generating code
SOIL.lib(image_DXT.obj) : warning LNK4099: PDB 'SOIL.pdb' was not found with 'SOIL.lib(image_DXT.obj)' or at 'C:\Users\Plato\Desktop\Tournament of Power\source\Release\SOIL.pdb'; linking object as if no debug info
SOIL.lib(image_helper.obj) : warning LNK4099: PDB 'SOIL.pdb' was not found with 'SOIL.lib(image_helper.obj)' or at 'C:\Users\Plato\Desktop\Tournament of Power\source\Release\SOIL.pdb'; linking object as if no debug info
SOIL.lib(SOIL.obj) : warning LNK4099: PDB 'SOIL.pdb' was not found with 'SOIL.lib(SOIL.obj)' or at 'C:\Users\Plato\Desktop\Tournament of Power\source\Release\SOIL.pdb'; linking object as if no debug info
SOIL.lib(stb_image_aug.obj) : warning LNK4099: PDB 'SOIL.pdb' was not found with 'SOIL.lib(stb_image_aug.obj)' or at 'C:\Users\Plato\Desktop\Tournament of Power\source\Release\SOIL.pdb'; linking object as if no debug info
  GraphicsProgramming.vcxproj -> C:\Users\Plato\Desktop\Tournament of Power\source\Release\GraphicsProgramming.exe
  GraphicsProgramming.vcxproj -> C:\Users\Plato\Desktop\Tournament of Power\source\Release\GraphicsProgramming.pdb (Full PDB)
